<?xml version="1.0" encoding="UTF-8"?>
<testng-results skipped="0" failed="0" ignored="0" total="4" passed="4">
  <reporter-output>
  </reporter-output>
  <suite name="Surefire suite" duration-ms="68777" started-at="2023-02-26T12:57:40 EST" finished-at="2023-02-26T12:58:48 EST">
    <groups>
      <group name="cucumber">
        <method signature="AbstractTestNGCucumberTests.runScenario(io.cucumber.testng.PickleWrapper, io.cucumber.testng.FeatureWrapper)[pri:0, instance:TestRunner@5fd85d]" name="runScenario" class="io.cucumber.testng.AbstractTestNGCucumberTests"/>
      </group> <!-- cucumber -->
    </groups>
    <test name="Surefire test" duration-ms="68777" started-at="2023-02-26T12:57:40 EST" finished-at="2023-02-26T12:58:48 EST">
      <class name="TestRunner">
        <test-method status="PASS" signature="setUpClass()[pri:0, instance:TestRunner@5fd85d]" name="setUpClass" is-config="true" duration-ms="429" started-at="2023-02-26T12:57:40 EST" finished-at="2023-02-26T12:57:40 EST">
          <reporter-output>
          </reporter-output>
        </test-method> <!-- setUpClass -->
        <test-method status="PASS" signature="runScenario(io.cucumber.testng.PickleWrapper, io.cucumber.testng.FeatureWrapper)[pri:0, instance:TestRunner@5fd85d]" name="runScenario" duration-ms="14644" started-at="2023-02-26T12:57:40 EST" description="Runs Cucumber Scenarios" data-provider="scenarios" finished-at="2023-02-26T12:57:55 EST">
          <params>
            <param index="0">
              <value>
                <![CDATA["user able to login with valid email and password"]]>
              </value>
            </param>
            <param index="1">
              <value>
                <![CDATA["Optional[login.feature]"]]>
              </value>
            </param>
          </params>
          <reporter-output>
          </reporter-output>
        </test-method> <!-- runScenario -->
        <test-method status="PASS" signature="runScenario(io.cucumber.testng.PickleWrapper, io.cucumber.testng.FeatureWrapper)[pri:0, instance:TestRunner@5fd85d]" name="runScenario" duration-ms="7847" started-at="2023-02-26T12:57:55 EST" description="Runs Cucumber Scenarios" data-provider="scenarios" finished-at="2023-02-26T12:58:03 EST">
          <params>
            <param index="0">
              <value>
                <![CDATA["user should not able to login with valid email and invalid password"]]>
              </value>
            </param>
            <param index="1">
              <value>
                <![CDATA["Optional[login.feature]"]]>
              </value>
            </param>
          </params>
          <reporter-output>
          </reporter-output>
        </test-method> <!-- runScenario -->
        <test-method status="PASS" signature="runScenario(io.cucumber.testng.PickleWrapper, io.cucumber.testng.FeatureWrapper)[pri:0, instance:TestRunner@5fd85d]" name="runScenario" duration-ms="5910" started-at="2023-02-26T12:58:03 EST" description="Runs Cucumber Scenarios" data-provider="scenarios" finished-at="2023-02-26T12:58:09 EST">
          <params>
            <param index="0">
              <value>
                <![CDATA["user should not able to login with invalid email and valid password"]]>
              </value>
            </param>
            <param index="1">
              <value>
                <![CDATA["Optional[login.feature]"]]>
              </value>
            </param>
          </params>
          <reporter-output>
          </reporter-output>
        </test-method> <!-- runScenario -->
        <test-method status="PASS" signature="runScenario(io.cucumber.testng.PickleWrapper, io.cucumber.testng.FeatureWrapper)[pri:0, instance:TestRunner@5fd85d]" name="runScenario" duration-ms="39708" started-at="2023-02-26T12:58:09 EST" description="Runs Cucumber Scenarios" data-provider="scenarios" finished-at="2023-02-26T12:58:48 EST">
          <params>
            <param index="0">
              <value>
                <![CDATA["user should not able to login with invalid email and invalid password"]]>
              </value>
            </param>
            <param index="1">
              <value>
                <![CDATA["Optional[login.feature]"]]>
              </value>
            </param>
          </params>
          <reporter-output>
          </reporter-output>
        </test-method> <!-- runScenario -->
        <test-method status="PASS" signature="tearDownClass()[pri:0, instance:TestRunner@5fd85d]" name="tearDownClass" is-config="true" duration-ms="171" started-at="2023-02-26T12:58:48 EST" finished-at="2023-02-26T12:58:48 EST">
          <reporter-output>
          </reporter-output>
        </test-method> <!-- tearDownClass -->
      </class> <!-- TestRunner -->
    </test> <!-- Surefire test -->
  </suite> <!-- Surefire suite -->
</testng-results>
